ARM GAS  C:\Users\admin\AppData\Local\Temp\ccqoZCgz.s 			page 1


   1              		.cpu cortex-m7
   2              		.arch armv7e-m
   3              		.fpu fpv5-d16
   4              		.eabi_attribute 28, 1
   5              		.eabi_attribute 20, 1
   6              		.eabi_attribute 21, 1
   7              		.eabi_attribute 23, 3
   8              		.eabi_attribute 24, 1
   9              		.eabi_attribute 25, 1
  10              		.eabi_attribute 26, 1
  11              		.eabi_attribute 30, 1
  12              		.eabi_attribute 34, 1
  13              		.eabi_attribute 18, 4
  14              		.file	"gpio.c"
  15              		.text
  16              	.Ltext0:
  17              		.cfi_sections	.debug_frame
  18              		.section	.text.MX_GPIO_Init,"ax",%progbits
  19              		.align	1
  20              		.global	MX_GPIO_Init
  21              		.syntax unified
  22              		.thumb
  23              		.thumb_func
  25              	MX_GPIO_Init:
  26              	.LFB144:
  27              		.file 1 "Core/Src/gpio.c"
   1:Core/Src/gpio.c **** /* USER CODE BEGIN Header */
   2:Core/Src/gpio.c **** /**
   3:Core/Src/gpio.c ****   ******************************************************************************
   4:Core/Src/gpio.c ****   * @file    gpio.c
   5:Core/Src/gpio.c ****   * @brief   This file provides code for the configuration
   6:Core/Src/gpio.c ****   *          of all used GPIO pins.
   7:Core/Src/gpio.c ****   ******************************************************************************
   8:Core/Src/gpio.c ****   * @attention
   9:Core/Src/gpio.c ****   *
  10:Core/Src/gpio.c ****   * Copyright (c) 2024 STMicroelectronics.
  11:Core/Src/gpio.c ****   * All rights reserved.
  12:Core/Src/gpio.c ****   *
  13:Core/Src/gpio.c ****   * This software is licensed under terms that can be found in the LICENSE file
  14:Core/Src/gpio.c ****   * in the root directory of this software component.
  15:Core/Src/gpio.c ****   * If no LICENSE file comes with this software, it is provided AS-IS.
  16:Core/Src/gpio.c ****   *
  17:Core/Src/gpio.c ****   ******************************************************************************
  18:Core/Src/gpio.c ****   */
  19:Core/Src/gpio.c **** /* USER CODE END Header */
  20:Core/Src/gpio.c **** 
  21:Core/Src/gpio.c **** /* Includes ------------------------------------------------------------------*/
  22:Core/Src/gpio.c **** #include "gpio.h"
  23:Core/Src/gpio.c **** 
  24:Core/Src/gpio.c **** /* USER CODE BEGIN 0 */
  25:Core/Src/gpio.c **** 
  26:Core/Src/gpio.c **** /* USER CODE END 0 */
  27:Core/Src/gpio.c **** 
  28:Core/Src/gpio.c **** /*----------------------------------------------------------------------------*/
  29:Core/Src/gpio.c **** /* Configure GPIO                                                             */
  30:Core/Src/gpio.c **** /*----------------------------------------------------------------------------*/
  31:Core/Src/gpio.c **** /* USER CODE BEGIN 1 */
ARM GAS  C:\Users\admin\AppData\Local\Temp\ccqoZCgz.s 			page 2


  32:Core/Src/gpio.c **** 
  33:Core/Src/gpio.c **** /* USER CODE END 1 */
  34:Core/Src/gpio.c **** 
  35:Core/Src/gpio.c **** /** Configure pins as
  36:Core/Src/gpio.c ****         * Analog
  37:Core/Src/gpio.c ****         * Input
  38:Core/Src/gpio.c ****         * Output
  39:Core/Src/gpio.c ****         * EVENT_OUT
  40:Core/Src/gpio.c ****         * EXTI
  41:Core/Src/gpio.c **** */
  42:Core/Src/gpio.c **** void MX_GPIO_Init(void)
  43:Core/Src/gpio.c **** {
  28              		.loc 1 43 1 view -0
  29              		.cfi_startproc
  30              		@ args = 0, pretend = 0, frame = 16
  31              		@ frame_needed = 0, uses_anonymous_args = 0
  32              		@ link register save eliminated.
  33 0000 84B0     		sub	sp, sp, #16
  34              	.LCFI0:
  35              		.cfi_def_cfa_offset 16
  44:Core/Src/gpio.c **** 
  45:Core/Src/gpio.c ****   /* GPIO Ports Clock Enable */
  46:Core/Src/gpio.c ****   __HAL_RCC_GPIOC_CLK_ENABLE();
  36              		.loc 1 46 3 view .LVU1
  37              	.LBB2:
  38              		.loc 1 46 3 view .LVU2
  39              		.loc 1 46 3 view .LVU3
  40 0002 134B     		ldr	r3, .L3
  41 0004 D3F8E020 		ldr	r2, [r3, #224]
  42 0008 42F00402 		orr	r2, r2, #4
  43 000c C3F8E020 		str	r2, [r3, #224]
  44              		.loc 1 46 3 view .LVU4
  45 0010 D3F8E020 		ldr	r2, [r3, #224]
  46 0014 02F00402 		and	r2, r2, #4
  47 0018 0192     		str	r2, [sp, #4]
  48              		.loc 1 46 3 view .LVU5
  49 001a 019A     		ldr	r2, [sp, #4]
  50              	.LBE2:
  51              		.loc 1 46 3 view .LVU6
  47:Core/Src/gpio.c ****   __HAL_RCC_GPIOH_CLK_ENABLE();
  52              		.loc 1 47 3 view .LVU7
  53              	.LBB3:
  54              		.loc 1 47 3 view .LVU8
  55              		.loc 1 47 3 view .LVU9
  56 001c D3F8E020 		ldr	r2, [r3, #224]
  57 0020 42F08002 		orr	r2, r2, #128
  58 0024 C3F8E020 		str	r2, [r3, #224]
  59              		.loc 1 47 3 view .LVU10
  60 0028 D3F8E020 		ldr	r2, [r3, #224]
  61 002c 02F08002 		and	r2, r2, #128
  62 0030 0292     		str	r2, [sp, #8]
  63              		.loc 1 47 3 view .LVU11
  64 0032 029A     		ldr	r2, [sp, #8]
  65              	.LBE3:
  66              		.loc 1 47 3 view .LVU12
  48:Core/Src/gpio.c ****   __HAL_RCC_GPIOA_CLK_ENABLE();
  67              		.loc 1 48 3 view .LVU13
ARM GAS  C:\Users\admin\AppData\Local\Temp\ccqoZCgz.s 			page 3


  68              	.LBB4:
  69              		.loc 1 48 3 view .LVU14
  70              		.loc 1 48 3 view .LVU15
  71 0034 D3F8E020 		ldr	r2, [r3, #224]
  72 0038 42F00102 		orr	r2, r2, #1
  73 003c C3F8E020 		str	r2, [r3, #224]
  74              		.loc 1 48 3 view .LVU16
  75 0040 D3F8E030 		ldr	r3, [r3, #224]
  76 0044 03F00103 		and	r3, r3, #1
  77 0048 0393     		str	r3, [sp, #12]
  78              		.loc 1 48 3 view .LVU17
  79 004a 039B     		ldr	r3, [sp, #12]
  80              	.LBE4:
  81              		.loc 1 48 3 view .LVU18
  49:Core/Src/gpio.c **** 
  50:Core/Src/gpio.c **** }
  82              		.loc 1 50 1 is_stmt 0 view .LVU19
  83 004c 04B0     		add	sp, sp, #16
  84              	.LCFI1:
  85              		.cfi_def_cfa_offset 0
  86              		@ sp needed
  87 004e 7047     		bx	lr
  88              	.L4:
  89              		.align	2
  90              	.L3:
  91 0050 00440258 		.word	1476543488
  92              		.cfi_endproc
  93              	.LFE144:
  95              		.text
  96              	.Letext0:
  97              		.file 2 "c:\\users\\admin\\desktop\\scm\\10 2021.10\\arm-none-eabi\\include\\machine\\_default_typ
  98              		.file 3 "c:\\users\\admin\\desktop\\scm\\10 2021.10\\arm-none-eabi\\include\\sys\\_stdint.h"
  99              		.file 4 "C:/Users/admin/STM32Cube/Repository/STM32Cube_FW_H7_V1.11.1/Drivers/CMSIS/Device/ST/STM32
ARM GAS  C:\Users\admin\AppData\Local\Temp\ccqoZCgz.s 			page 4


DEFINED SYMBOLS
                            *ABS*:00000000 gpio.c
C:\Users\admin\AppData\Local\Temp\ccqoZCgz.s:19     .text.MX_GPIO_Init:00000000 $t
C:\Users\admin\AppData\Local\Temp\ccqoZCgz.s:25     .text.MX_GPIO_Init:00000000 MX_GPIO_Init
C:\Users\admin\AppData\Local\Temp\ccqoZCgz.s:91     .text.MX_GPIO_Init:00000050 $d

NO UNDEFINED SYMBOLS
